[2024-11-11 17:04:54] local.ERROR: There are no commands defined in the "api" namespace. {"exception":"[object] (Symfony\\Component\\Console\\Exception\\NamespaceNotFoundException(code: 0): There are no commands defined in the \"api\" namespace. at /home/overlord/php-laravel-docker-render/vendor/symfony/console/Application.php:636)
[stacktrace]
#0 /home/overlord/php-laravel-docker-render/vendor/symfony/console/Application.php(685): Symfony\\Component\\Console\\Application->findNamespace()
#1 /home/overlord/php-laravel-docker-render/vendor/symfony/console/Application.php(258): Symfony\\Component\\Console\\Application->find()
#2 /home/overlord/php-laravel-docker-render/vendor/symfony/console/Application.php(167): Symfony\\Component\\Console\\Application->doRun()
#3 /home/overlord/php-laravel-docker-render/vendor/laravel/framework/src/Illuminate/Foundation/Console/Kernel.php(197): Symfony\\Component\\Console\\Application->run()
#4 /home/overlord/php-laravel-docker-render/artisan(35): Illuminate\\Foundation\\Console\\Kernel->handle()
#5 {main}
"} 
[2024-11-11 17:05:24] local.ERROR: There are no commands defined in the "api" namespace. {"exception":"[object] (Symfony\\Component\\Console\\Exception\\NamespaceNotFoundException(code: 0): There are no commands defined in the \"api\" namespace. at /home/overlord/php-laravel-docker-render/vendor/symfony/console/Application.php:636)
[stacktrace]
#0 /home/overlord/php-laravel-docker-render/vendor/symfony/console/Application.php(685): Symfony\\Component\\Console\\Application->findNamespace()
#1 /home/overlord/php-laravel-docker-render/vendor/symfony/console/Application.php(258): Symfony\\Component\\Console\\Application->find()
#2 /home/overlord/php-laravel-docker-render/vendor/symfony/console/Application.php(167): Symfony\\Component\\Console\\Application->doRun()
#3 /home/overlord/php-laravel-docker-render/vendor/laravel/framework/src/Illuminate/Foundation/Console/Kernel.php(197): Symfony\\Component\\Console\\Application->run()
#4 /home/overlord/php-laravel-docker-render/artisan(35): Illuminate\\Foundation\\Console\\Kernel->handle()
#5 {main}
"} 
[2024-11-11 17:05:45] local.ERROR: SQLSTATE[08006] [7] connection to server at "localhost" (127.0.0.1), port 5432 failed: FATAL:  password authentication failed for user "homestead"
connection to server at "localhost" (127.0.0.1), port 5432 failed: FATAL:  password authentication failed for user "homestead" (Connection: pgsql, SQL: select exists (select 1 from pg_class c, pg_namespace n where n.nspname = 'public' and c.relname = 'migrations' and c.relkind in ('r', 'p') and n.oid = c.relnamespace)) {"exception":"[object] (Illuminate\\Database\\QueryException(code: 7): SQLSTATE[08006] [7] connection to server at \"localhost\" (127.0.0.1), port 5432 failed: FATAL:  password authentication failed for user \"homestead\"
connection to server at \"localhost\" (127.0.0.1), port 5432 failed: FATAL:  password authentication failed for user \"homestead\" (Connection: pgsql, SQL: select exists (select 1 from pg_class c, pg_namespace n where n.nspname = 'public' and c.relname = 'migrations' and c.relkind in ('r', 'p') and n.oid = c.relnamespace)) at /home/overlord/php-laravel-docker-render/vendor/laravel/framework/src/Illuminate/Database/Connection.php:825)
[stacktrace]
#0 /home/overlord/php-laravel-docker-render/vendor/laravel/framework/src/Illuminate/Database/Connection.php(779): Illuminate\\Database\\Connection->runQueryCallback()
#1 /home/overlord/php-laravel-docker-render/vendor/laravel/framework/src/Illuminate/Database/Connection.php(398): Illuminate\\Database\\Connection->run()
#2 /home/overlord/php-laravel-docker-render/vendor/laravel/framework/src/Illuminate/Database/Connection.php(344): Illuminate\\Database\\Connection->select()
#3 /home/overlord/php-laravel-docker-render/vendor/laravel/framework/src/Illuminate/Database/Connection.php(361): Illuminate\\Database\\Connection->selectOne()
#4 /home/overlord/php-laravel-docker-render/vendor/laravel/framework/src/Illuminate/Database/Schema/PostgresBuilder.php(52): Illuminate\\Database\\Connection->scalar()
#5 /home/overlord/php-laravel-docker-render/vendor/laravel/framework/src/Illuminate/Database/Migrations/DatabaseMigrationRepository.php(184): Illuminate\\Database\\Schema\\PostgresBuilder->hasTable()
#6 /home/overlord/php-laravel-docker-render/vendor/laravel/framework/src/Illuminate/Database/Migrations/Migrator.php(680): Illuminate\\Database\\Migrations\\DatabaseMigrationRepository->repositoryExists()
#7 /home/overlord/php-laravel-docker-render/vendor/laravel/framework/src/Illuminate/Database/Console/Migrations/MigrateCommand.php(164): Illuminate\\Database\\Migrations\\Migrator->repositoryExists()
#8 /home/overlord/php-laravel-docker-render/vendor/laravel/framework/src/Illuminate/Support/helpers.php(319): Illuminate\\Database\\Console\\Migrations\\MigrateCommand->Illuminate\\Database\\Console\\Migrations\\{closure}()
#9 /home/overlord/php-laravel-docker-render/vendor/laravel/framework/src/Illuminate/Database/Console/Migrations/MigrateCommand.php(164): retry()
#10 /home/overlord/php-laravel-docker-render/vendor/laravel/framework/src/Illuminate/Database/Console/Migrations/MigrateCommand.php(140): Illuminate\\Database\\Console\\Migrations\\MigrateCommand->repositoryExists()
#11 /home/overlord/php-laravel-docker-render/vendor/laravel/framework/src/Illuminate/Database/Console/Migrations/MigrateCommand.php(110): Illuminate\\Database\\Console\\Migrations\\MigrateCommand->prepareDatabase()
#12 /home/overlord/php-laravel-docker-render/vendor/laravel/framework/src/Illuminate/Database/Migrations/Migrator.php(615): Illuminate\\Database\\Console\\Migrations\\MigrateCommand->Illuminate\\Database\\Console\\Migrations\\{closure}()
#13 /home/overlord/php-laravel-docker-render/vendor/laravel/framework/src/Illuminate/Database/Console/Migrations/MigrateCommand.php(109): Illuminate\\Database\\Migrations\\Migrator->usingConnection()
#14 /home/overlord/php-laravel-docker-render/vendor/laravel/framework/src/Illuminate/Database/Console/Migrations/MigrateCommand.php(88): Illuminate\\Database\\Console\\Migrations\\MigrateCommand->runMigrations()
#15 /home/overlord/php-laravel-docker-render/vendor/laravel/framework/src/Illuminate/Container/BoundMethod.php(36): Illuminate\\Database\\Console\\Migrations\\MigrateCommand->handle()
#16 /home/overlord/php-laravel-docker-render/vendor/laravel/framework/src/Illuminate/Container/Util.php(43): Illuminate\\Container\\BoundMethod::Illuminate\\Container\\{closure}()
#17 /home/overlord/php-laravel-docker-render/vendor/laravel/framework/src/Illuminate/Container/BoundMethod.php(95): Illuminate\\Container\\Util::unwrapIfClosure()
#18 /home/overlord/php-laravel-docker-render/vendor/laravel/framework/src/Illuminate/Container/BoundMethod.php(35): Illuminate\\Container\\BoundMethod::callBoundMethod()
#19 /home/overlord/php-laravel-docker-render/vendor/laravel/framework/src/Illuminate/Container/Container.php(690): Illuminate\\Container\\BoundMethod::call()
#20 /home/overlord/php-laravel-docker-render/vendor/laravel/framework/src/Illuminate/Console/Command.php(213): Illuminate\\Container\\Container->call()
#21 /home/overlord/php-laravel-docker-render/vendor/symfony/console/Command/Command.php(279): Illuminate\\Console\\Command->execute()
#22 /home/overlord/php-laravel-docker-render/vendor/laravel/framework/src/Illuminate/Console/Command.php(182): Symfony\\Component\\Console\\Command\\Command->run()
#23 /home/overlord/php-laravel-docker-render/vendor/laravel/framework/src/Illuminate/Console/Concerns/CallsCommands.php(67): Illuminate\\Console\\Command->run()
#24 /home/overlord/php-laravel-docker-render/vendor/laravel/framework/src/Illuminate/Console/Concerns/CallsCommands.php(28): Illuminate\\Console\\Command->runCommand()
#25 /home/overlord/php-laravel-docker-render/vendor/laravel/framework/src/Illuminate/Foundation/Console/ApiInstallCommand.php(79): Illuminate\\Console\\Command->call()
#26 /home/overlord/php-laravel-docker-render/vendor/laravel/framework/src/Illuminate/Container/BoundMethod.php(36): Illuminate\\Foundation\\Console\\ApiInstallCommand->handle()
#27 /home/overlord/php-laravel-docker-render/vendor/laravel/framework/src/Illuminate/Container/Util.php(43): Illuminate\\Container\\BoundMethod::Illuminate\\Container\\{closure}()
#28 /home/overlord/php-laravel-docker-render/vendor/laravel/framework/src/Illuminate/Container/BoundMethod.php(95): Illuminate\\Container\\Util::unwrapIfClosure()
#29 /home/overlord/php-laravel-docker-render/vendor/laravel/framework/src/Illuminate/Container/BoundMethod.php(35): Illuminate\\Container\\BoundMethod::callBoundMethod()
#30 /home/overlord/php-laravel-docker-render/vendor/laravel/framework/src/Illuminate/Container/Container.php(690): Illuminate\\Container\\BoundMethod::call()
#31 /home/overlord/php-laravel-docker-render/vendor/laravel/framework/src/Illuminate/Console/Command.php(213): Illuminate\\Container\\Container->call()
#32 /home/overlord/php-laravel-docker-render/vendor/symfony/console/Command/Command.php(279): Illuminate\\Console\\Command->execute()
#33 /home/overlord/php-laravel-docker-render/vendor/laravel/framework/src/Illuminate/Console/Command.php(182): Symfony\\Component\\Console\\Command\\Command->run()
#34 /home/overlord/php-laravel-docker-render/vendor/symfony/console/Application.php(1047): Illuminate\\Console\\Command->run()
#35 /home/overlord/php-laravel-docker-render/vendor/symfony/console/Application.php(316): Symfony\\Component\\Console\\Application->doRunCommand()
#36 /home/overlord/php-laravel-docker-render/vendor/symfony/console/Application.php(167): Symfony\\Component\\Console\\Application->doRun()
#37 /home/overlord/php-laravel-docker-render/vendor/laravel/framework/src/Illuminate/Foundation/Console/Kernel.php(197): Symfony\\Component\\Console\\Application->run()
#38 /home/overlord/php-laravel-docker-render/artisan(35): Illuminate\\Foundation\\Console\\Kernel->handle()
#39 {main}

[previous exception] [object] (PDOException(code: 7): SQLSTATE[08006] [7] connection to server at \"localhost\" (127.0.0.1), port 5432 failed: FATAL:  password authentication failed for user \"homestead\"
connection to server at \"localhost\" (127.0.0.1), port 5432 failed: FATAL:  password authentication failed for user \"homestead\" at /home/overlord/php-laravel-docker-render/vendor/laravel/framework/src/Illuminate/Database/Connectors/Connector.php:66)
[stacktrace]
#0 /home/overlord/php-laravel-docker-render/vendor/laravel/framework/src/Illuminate/Database/Connectors/Connector.php(66): PDO->__construct()
#1 /home/overlord/php-laravel-docker-render/vendor/laravel/framework/src/Illuminate/Database/Connectors/Connector.php(44): Illuminate\\Database\\Connectors\\Connector->createPdoConnection()
#2 /home/overlord/php-laravel-docker-render/vendor/laravel/framework/src/Illuminate/Database/Connectors/PostgresConnector.php(35): Illuminate\\Database\\Connectors\\Connector->createConnection()
#3 /home/overlord/php-laravel-docker-render/vendor/laravel/framework/src/Illuminate/Database/Connectors/ConnectionFactory.php(185): Illuminate\\Database\\Connectors\\PostgresConnector->connect()
#4 [internal function]: Illuminate\\Database\\Connectors\\ConnectionFactory->Illuminate\\Database\\Connectors\\{closure}()
#5 /home/overlord/php-laravel-docker-render/vendor/laravel/framework/src/Illuminate/Database/Connection.php(1231): call_user_func()
#6 /home/overlord/php-laravel-docker-render/vendor/laravel/framework/src/Illuminate/Database/Connection.php(1267): Illuminate\\Database\\Connection->getPdo()
#7 /home/overlord/php-laravel-docker-render/vendor/laravel/framework/src/Illuminate/Database/Connection.php(512): Illuminate\\Database\\Connection->getReadPdo()
#8 /home/overlord/php-laravel-docker-render/vendor/laravel/framework/src/Illuminate/Database/Connection.php(407): Illuminate\\Database\\Connection->getPdoForSelect()
#9 /home/overlord/php-laravel-docker-render/vendor/laravel/framework/src/Illuminate/Database/Connection.php(812): Illuminate\\Database\\Connection->Illuminate\\Database\\{closure}()
#10 /home/overlord/php-laravel-docker-render/vendor/laravel/framework/src/Illuminate/Database/Connection.php(779): Illuminate\\Database\\Connection->runQueryCallback()
#11 /home/overlord/php-laravel-docker-render/vendor/laravel/framework/src/Illuminate/Database/Connection.php(398): Illuminate\\Database\\Connection->run()
#12 /home/overlord/php-laravel-docker-render/vendor/laravel/framework/src/Illuminate/Database/Connection.php(344): Illuminate\\Database\\Connection->select()
#13 /home/overlord/php-laravel-docker-render/vendor/laravel/framework/src/Illuminate/Database/Connection.php(361): Illuminate\\Database\\Connection->selectOne()
#14 /home/overlord/php-laravel-docker-render/vendor/laravel/framework/src/Illuminate/Database/Schema/PostgresBuilder.php(52): Illuminate\\Database\\Connection->scalar()
#15 /home/overlord/php-laravel-docker-render/vendor/laravel/framework/src/Illuminate/Database/Migrations/DatabaseMigrationRepository.php(184): Illuminate\\Database\\Schema\\PostgresBuilder->hasTable()
#16 /home/overlord/php-laravel-docker-render/vendor/laravel/framework/src/Illuminate/Database/Migrations/Migrator.php(680): Illuminate\\Database\\Migrations\\DatabaseMigrationRepository->repositoryExists()
#17 /home/overlord/php-laravel-docker-render/vendor/laravel/framework/src/Illuminate/Database/Console/Migrations/MigrateCommand.php(164): Illuminate\\Database\\Migrations\\Migrator->repositoryExists()
#18 /home/overlord/php-laravel-docker-render/vendor/laravel/framework/src/Illuminate/Support/helpers.php(319): Illuminate\\Database\\Console\\Migrations\\MigrateCommand->Illuminate\\Database\\Console\\Migrations\\{closure}()
#19 /home/overlord/php-laravel-docker-render/vendor/laravel/framework/src/Illuminate/Database/Console/Migrations/MigrateCommand.php(164): retry()
#20 /home/overlord/php-laravel-docker-render/vendor/laravel/framework/src/Illuminate/Database/Console/Migrations/MigrateCommand.php(140): Illuminate\\Database\\Console\\Migrations\\MigrateCommand->repositoryExists()
#21 /home/overlord/php-laravel-docker-render/vendor/laravel/framework/src/Illuminate/Database/Console/Migrations/MigrateCommand.php(110): Illuminate\\Database\\Console\\Migrations\\MigrateCommand->prepareDatabase()
#22 /home/overlord/php-laravel-docker-render/vendor/laravel/framework/src/Illuminate/Database/Migrations/Migrator.php(615): Illuminate\\Database\\Console\\Migrations\\MigrateCommand->Illuminate\\Database\\Console\\Migrations\\{closure}()
#23 /home/overlord/php-laravel-docker-render/vendor/laravel/framework/src/Illuminate/Database/Console/Migrations/MigrateCommand.php(109): Illuminate\\Database\\Migrations\\Migrator->usingConnection()
#24 /home/overlord/php-laravel-docker-render/vendor/laravel/framework/src/Illuminate/Database/Console/Migrations/MigrateCommand.php(88): Illuminate\\Database\\Console\\Migrations\\MigrateCommand->runMigrations()
#25 /home/overlord/php-laravel-docker-render/vendor/laravel/framework/src/Illuminate/Container/BoundMethod.php(36): Illuminate\\Database\\Console\\Migrations\\MigrateCommand->handle()
#26 /home/overlord/php-laravel-docker-render/vendor/laravel/framework/src/Illuminate/Container/Util.php(43): Illuminate\\Container\\BoundMethod::Illuminate\\Container\\{closure}()
#27 /home/overlord/php-laravel-docker-render/vendor/laravel/framework/src/Illuminate/Container/BoundMethod.php(95): Illuminate\\Container\\Util::unwrapIfClosure()
#28 /home/overlord/php-laravel-docker-render/vendor/laravel/framework/src/Illuminate/Container/BoundMethod.php(35): Illuminate\\Container\\BoundMethod::callBoundMethod()
#29 /home/overlord/php-laravel-docker-render/vendor/laravel/framework/src/Illuminate/Container/Container.php(690): Illuminate\\Container\\BoundMethod::call()
#30 /home/overlord/php-laravel-docker-render/vendor/laravel/framework/src/Illuminate/Console/Command.php(213): Illuminate\\Container\\Container->call()
#31 /home/overlord/php-laravel-docker-render/vendor/symfony/console/Command/Command.php(279): Illuminate\\Console\\Command->execute()
#32 /home/overlord/php-laravel-docker-render/vendor/laravel/framework/src/Illuminate/Console/Command.php(182): Symfony\\Component\\Console\\Command\\Command->run()
#33 /home/overlord/php-laravel-docker-render/vendor/laravel/framework/src/Illuminate/Console/Concerns/CallsCommands.php(67): Illuminate\\Console\\Command->run()
#34 /home/overlord/php-laravel-docker-render/vendor/laravel/framework/src/Illuminate/Console/Concerns/CallsCommands.php(28): Illuminate\\Console\\Command->runCommand()
#35 /home/overlord/php-laravel-docker-render/vendor/laravel/framework/src/Illuminate/Foundation/Console/ApiInstallCommand.php(79): Illuminate\\Console\\Command->call()
#36 /home/overlord/php-laravel-docker-render/vendor/laravel/framework/src/Illuminate/Container/BoundMethod.php(36): Illuminate\\Foundation\\Console\\ApiInstallCommand->handle()
#37 /home/overlord/php-laravel-docker-render/vendor/laravel/framework/src/Illuminate/Container/Util.php(43): Illuminate\\Container\\BoundMethod::Illuminate\\Container\\{closure}()
#38 /home/overlord/php-laravel-docker-render/vendor/laravel/framework/src/Illuminate/Container/BoundMethod.php(95): Illuminate\\Container\\Util::unwrapIfClosure()
#39 /home/overlord/php-laravel-docker-render/vendor/laravel/framework/src/Illuminate/Container/BoundMethod.php(35): Illuminate\\Container\\BoundMethod::callBoundMethod()
#40 /home/overlord/php-laravel-docker-render/vendor/laravel/framework/src/Illuminate/Container/Container.php(690): Illuminate\\Container\\BoundMethod::call()
#41 /home/overlord/php-laravel-docker-render/vendor/laravel/framework/src/Illuminate/Console/Command.php(213): Illuminate\\Container\\Container->call()
#42 /home/overlord/php-laravel-docker-render/vendor/symfony/console/Command/Command.php(279): Illuminate\\Console\\Command->execute()
#43 /home/overlord/php-laravel-docker-render/vendor/laravel/framework/src/Illuminate/Console/Command.php(182): Symfony\\Component\\Console\\Command\\Command->run()
#44 /home/overlord/php-laravel-docker-render/vendor/symfony/console/Application.php(1047): Illuminate\\Console\\Command->run()
#45 /home/overlord/php-laravel-docker-render/vendor/symfony/console/Application.php(316): Symfony\\Component\\Console\\Application->doRunCommand()
#46 /home/overlord/php-laravel-docker-render/vendor/symfony/console/Application.php(167): Symfony\\Component\\Console\\Application->doRun()
#47 /home/overlord/php-laravel-docker-render/vendor/laravel/framework/src/Illuminate/Foundation/Console/Kernel.php(197): Symfony\\Component\\Console\\Application->run()
#48 /home/overlord/php-laravel-docker-render/artisan(35): Illuminate\\Foundation\\Console\\Kernel->handle()
#49 {main}
"} 
[2024-11-11 17:10:24] local.ERROR: syntax error, unexpected end of file {"exception":"[object] (ParseError(code: 0): syntax error, unexpected end of file at /home/overlord/php-laravel-docker-render/routes/api.php:23)
[stacktrace]
#0 /home/overlord/php-laravel-docker-render/vendor/laravel/framework/src/Illuminate/Routing/Router.php(513): Illuminate\\Routing\\RouteFileRegistrar->register()
#1 /home/overlord/php-laravel-docker-render/vendor/laravel/framework/src/Illuminate/Routing/Router.php(467): Illuminate\\Routing\\Router->loadRoutes()
#2 /home/overlord/php-laravel-docker-render/vendor/laravel/framework/src/Illuminate/Routing/RouteRegistrar.php(199): Illuminate\\Routing\\Router->group()
#3 /home/overlord/php-laravel-docker-render/app/Providers/RouteServiceProvider.php(71): Illuminate\\Routing\\RouteRegistrar->group()
#4 /home/overlord/php-laravel-docker-render/app/Providers/RouteServiceProvider.php(38): App\\Providers\\RouteServiceProvider->mapApiRoutes()
#5 /home/overlord/php-laravel-docker-render/vendor/laravel/framework/src/Illuminate/Container/BoundMethod.php(36): App\\Providers\\RouteServiceProvider->map()
#6 /home/overlord/php-laravel-docker-render/vendor/laravel/framework/src/Illuminate/Container/Util.php(43): Illuminate\\Container\\BoundMethod::Illuminate\\Container\\{closure}()
#7 /home/overlord/php-laravel-docker-render/vendor/laravel/framework/src/Illuminate/Container/BoundMethod.php(95): Illuminate\\Container\\Util::unwrapIfClosure()
#8 /home/overlord/php-laravel-docker-render/vendor/laravel/framework/src/Illuminate/Container/BoundMethod.php(35): Illuminate\\Container\\BoundMethod::callBoundMethod()
#9 /home/overlord/php-laravel-docker-render/vendor/laravel/framework/src/Illuminate/Container/Container.php(690): Illuminate\\Container\\BoundMethod::call()
#10 /home/overlord/php-laravel-docker-render/vendor/laravel/framework/src/Illuminate/Foundation/Support/Providers/RouteServiceProvider.php(168): Illuminate\\Container\\Container->call()
#11 /home/overlord/php-laravel-docker-render/vendor/laravel/framework/src/Illuminate/Foundation/Support/Providers/RouteServiceProvider.php(59): Illuminate\\Foundation\\Support\\Providers\\RouteServiceProvider->loadRoutes()
#12 /home/overlord/php-laravel-docker-render/vendor/laravel/framework/src/Illuminate/Container/BoundMethod.php(36): Illuminate\\Foundation\\Support\\Providers\\RouteServiceProvider->Illuminate\\Foundation\\Support\\Providers\\{closure}()
#13 /home/overlord/php-laravel-docker-render/vendor/laravel/framework/src/Illuminate/Container/Util.php(43): Illuminate\\Container\\BoundMethod::Illuminate\\Container\\{closure}()
#14 /home/overlord/php-laravel-docker-render/vendor/laravel/framework/src/Illuminate/Container/BoundMethod.php(83): Illuminate\\Container\\Util::unwrapIfClosure()
#15 /home/overlord/php-laravel-docker-render/vendor/laravel/framework/src/Illuminate/Container/BoundMethod.php(35): Illuminate\\Container\\BoundMethod::callBoundMethod()
#16 /home/overlord/php-laravel-docker-render/vendor/laravel/framework/src/Illuminate/Container/Container.php(690): Illuminate\\Container\\BoundMethod::call()
#17 /home/overlord/php-laravel-docker-render/vendor/laravel/framework/src/Illuminate/Support/ServiceProvider.php(144): Illuminate\\Container\\Container->call()
#18 /home/overlord/php-laravel-docker-render/vendor/laravel/framework/src/Illuminate/Foundation/Application.php(1122): Illuminate\\Support\\ServiceProvider->callBootedCallbacks()
#19 /home/overlord/php-laravel-docker-render/vendor/laravel/framework/src/Illuminate/Foundation/Application.php(1100): Illuminate\\Foundation\\Application->bootProvider()
#20 [internal function]: Illuminate\\Foundation\\Application->Illuminate\\Foundation\\{closure}()
#21 /home/overlord/php-laravel-docker-render/vendor/laravel/framework/src/Illuminate/Foundation/Application.php(1099): array_walk()
#22 /home/overlord/php-laravel-docker-render/vendor/laravel/framework/src/Illuminate/Foundation/Bootstrap/BootProviders.php(17): Illuminate\\Foundation\\Application->boot()
#23 /home/overlord/php-laravel-docker-render/vendor/laravel/framework/src/Illuminate/Foundation/Application.php(316): Illuminate\\Foundation\\Bootstrap\\BootProviders->bootstrap()
#24 /home/overlord/php-laravel-docker-render/vendor/laravel/framework/src/Illuminate/Foundation/Console/Kernel.php(473): Illuminate\\Foundation\\Application->bootstrapWith()
#25 /home/overlord/php-laravel-docker-render/vendor/laravel/framework/src/Illuminate/Foundation/Console/Kernel.php(195): Illuminate\\Foundation\\Console\\Kernel->bootstrap()
#26 Command line code(1): Illuminate\\Foundation\\Console\\Kernel->handle()
#27 {main}
"} 
[2024-11-11 17:25:27] local.ERROR: Class "Database\Factories\UserFactory" not found {"exception":"[object] (Error(code: 0): Class \"Database\\Factories\\UserFactory\" not found at /home/overlord/php-laravel-docker-render/vendor/laravel/framework/src/Illuminate/Database/Eloquent/Factories/Factory.php:843)
[stacktrace]
#0 /home/overlord/php-laravel-docker-render/vendor/laravel/framework/src/Illuminate/Database/Eloquent/Factories/HasFactory.php(19): Illuminate\\Database\\Eloquent\\Factories\\Factory::factoryForModel()
#1 /home/overlord/php-laravel-docker-render/database/seeds/DatabaseSeeder.php(16): App\\User::factory()
#2 /home/overlord/php-laravel-docker-render/vendor/laravel/framework/src/Illuminate/Container/BoundMethod.php(36): DatabaseSeeder->run()
#3 /home/overlord/php-laravel-docker-render/vendor/laravel/framework/src/Illuminate/Container/Util.php(43): Illuminate\\Container\\BoundMethod::Illuminate\\Container\\{closure}()
#4 /home/overlord/php-laravel-docker-render/vendor/laravel/framework/src/Illuminate/Container/BoundMethod.php(95): Illuminate\\Container\\Util::unwrapIfClosure()
#5 /home/overlord/php-laravel-docker-render/vendor/laravel/framework/src/Illuminate/Container/BoundMethod.php(35): Illuminate\\Container\\BoundMethod::callBoundMethod()
#6 /home/overlord/php-laravel-docker-render/vendor/laravel/framework/src/Illuminate/Container/Container.php(690): Illuminate\\Container\\BoundMethod::call()
#7 /home/overlord/php-laravel-docker-render/vendor/laravel/framework/src/Illuminate/Database/Seeder.php(184): Illuminate\\Container\\Container->call()
#8 /home/overlord/php-laravel-docker-render/vendor/laravel/framework/src/Illuminate/Database/Seeder.php(193): Illuminate\\Database\\Seeder->Illuminate\\Database\\{closure}()
#9 /home/overlord/php-laravel-docker-render/vendor/laravel/framework/src/Illuminate/Database/Console/Seeds/SeedCommand.php(70): Illuminate\\Database\\Seeder->__invoke()
#10 /home/overlord/php-laravel-docker-render/vendor/laravel/framework/src/Illuminate/Database/Eloquent/Concerns/GuardsAttributes.php(155): Illuminate\\Database\\Console\\Seeds\\SeedCommand->Illuminate\\Database\\Console\\Seeds\\{closure}()
#11 /home/overlord/php-laravel-docker-render/vendor/laravel/framework/src/Illuminate/Database/Console/Seeds/SeedCommand.php(69): Illuminate\\Database\\Eloquent\\Model::unguarded()
#12 /home/overlord/php-laravel-docker-render/vendor/laravel/framework/src/Illuminate/Container/BoundMethod.php(36): Illuminate\\Database\\Console\\Seeds\\SeedCommand->handle()
#13 /home/overlord/php-laravel-docker-render/vendor/laravel/framework/src/Illuminate/Container/Util.php(43): Illuminate\\Container\\BoundMethod::Illuminate\\Container\\{closure}()
#14 /home/overlord/php-laravel-docker-render/vendor/laravel/framework/src/Illuminate/Container/BoundMethod.php(95): Illuminate\\Container\\Util::unwrapIfClosure()
#15 /home/overlord/php-laravel-docker-render/vendor/laravel/framework/src/Illuminate/Container/BoundMethod.php(35): Illuminate\\Container\\BoundMethod::callBoundMethod()
#16 /home/overlord/php-laravel-docker-render/vendor/laravel/framework/src/Illuminate/Container/Container.php(690): Illuminate\\Container\\BoundMethod::call()
#17 /home/overlord/php-laravel-docker-render/vendor/laravel/framework/src/Illuminate/Console/Command.php(213): Illuminate\\Container\\Container->call()
#18 /home/overlord/php-laravel-docker-render/vendor/symfony/console/Command/Command.php(279): Illuminate\\Console\\Command->execute()
#19 /home/overlord/php-laravel-docker-render/vendor/laravel/framework/src/Illuminate/Console/Command.php(182): Symfony\\Component\\Console\\Command\\Command->run()
#20 /home/overlord/php-laravel-docker-render/vendor/laravel/framework/src/Illuminate/Console/Concerns/CallsCommands.php(67): Illuminate\\Console\\Command->run()
#21 /home/overlord/php-laravel-docker-render/vendor/laravel/framework/src/Illuminate/Console/Concerns/CallsCommands.php(28): Illuminate\\Console\\Command->runCommand()
#22 /home/overlord/php-laravel-docker-render/vendor/laravel/framework/src/Illuminate/Database/Console/Migrations/FreshCommand.php(122): Illuminate\\Console\\Command->call()
#23 /home/overlord/php-laravel-docker-render/vendor/laravel/framework/src/Illuminate/Database/Console/Migrations/FreshCommand.php(98): Illuminate\\Database\\Console\\Migrations\\FreshCommand->runSeeder()
#24 /home/overlord/php-laravel-docker-render/vendor/laravel/framework/src/Illuminate/Container/BoundMethod.php(36): Illuminate\\Database\\Console\\Migrations\\FreshCommand->handle()
#25 /home/overlord/php-laravel-docker-render/vendor/laravel/framework/src/Illuminate/Container/Util.php(43): Illuminate\\Container\\BoundMethod::Illuminate\\Container\\{closure}()
#26 /home/overlord/php-laravel-docker-render/vendor/laravel/framework/src/Illuminate/Container/BoundMethod.php(95): Illuminate\\Container\\Util::unwrapIfClosure()
#27 /home/overlord/php-laravel-docker-render/vendor/laravel/framework/src/Illuminate/Container/BoundMethod.php(35): Illuminate\\Container\\BoundMethod::callBoundMethod()
#28 /home/overlord/php-laravel-docker-render/vendor/laravel/framework/src/Illuminate/Container/Container.php(690): Illuminate\\Container\\BoundMethod::call()
#29 /home/overlord/php-laravel-docker-render/vendor/laravel/framework/src/Illuminate/Console/Command.php(213): Illuminate\\Container\\Container->call()
#30 /home/overlord/php-laravel-docker-render/vendor/symfony/console/Command/Command.php(279): Illuminate\\Console\\Command->execute()
#31 /home/overlord/php-laravel-docker-render/vendor/laravel/framework/src/Illuminate/Console/Command.php(182): Symfony\\Component\\Console\\Command\\Command->run()
#32 /home/overlord/php-laravel-docker-render/vendor/symfony/console/Application.php(1047): Illuminate\\Console\\Command->run()
#33 /home/overlord/php-laravel-docker-render/vendor/symfony/console/Application.php(316): Symfony\\Component\\Console\\Application->doRunCommand()
#34 /home/overlord/php-laravel-docker-render/vendor/symfony/console/Application.php(167): Symfony\\Component\\Console\\Application->doRun()
#35 /home/overlord/php-laravel-docker-render/vendor/laravel/framework/src/Illuminate/Foundation/Console/Kernel.php(197): Symfony\\Component\\Console\\Application->run()
#36 /home/overlord/php-laravel-docker-render/artisan(35): Illuminate\\Foundation\\Console\\Kernel->handle()
#37 {main}
"} 
[2024-11-11 17:28:00] local.ERROR: Class "Database\Factories\UserFactory" not found {"exception":"[object] (Error(code: 0): Class \"Database\\Factories\\UserFactory\" not found at /home/overlord/php-laravel-docker-render/vendor/laravel/framework/src/Illuminate/Database/Eloquent/Factories/Factory.php:843)
[stacktrace]
#0 /home/overlord/php-laravel-docker-render/vendor/laravel/framework/src/Illuminate/Database/Eloquent/Factories/HasFactory.php(19): Illuminate\\Database\\Eloquent\\Factories\\Factory::factoryForModel()
#1 /home/overlord/php-laravel-docker-render/database/seeds/DatabaseSeeder.php(16): App\\User::factory()
#2 /home/overlord/php-laravel-docker-render/vendor/laravel/framework/src/Illuminate/Container/BoundMethod.php(36): DatabaseSeeder->run()
#3 /home/overlord/php-laravel-docker-render/vendor/laravel/framework/src/Illuminate/Container/Util.php(43): Illuminate\\Container\\BoundMethod::Illuminate\\Container\\{closure}()
#4 /home/overlord/php-laravel-docker-render/vendor/laravel/framework/src/Illuminate/Container/BoundMethod.php(95): Illuminate\\Container\\Util::unwrapIfClosure()
#5 /home/overlord/php-laravel-docker-render/vendor/laravel/framework/src/Illuminate/Container/BoundMethod.php(35): Illuminate\\Container\\BoundMethod::callBoundMethod()
#6 /home/overlord/php-laravel-docker-render/vendor/laravel/framework/src/Illuminate/Container/Container.php(690): Illuminate\\Container\\BoundMethod::call()
#7 /home/overlord/php-laravel-docker-render/vendor/laravel/framework/src/Illuminate/Database/Seeder.php(184): Illuminate\\Container\\Container->call()
#8 /home/overlord/php-laravel-docker-render/vendor/laravel/framework/src/Illuminate/Database/Seeder.php(193): Illuminate\\Database\\Seeder->Illuminate\\Database\\{closure}()
#9 /home/overlord/php-laravel-docker-render/vendor/laravel/framework/src/Illuminate/Database/Console/Seeds/SeedCommand.php(70): Illuminate\\Database\\Seeder->__invoke()
#10 /home/overlord/php-laravel-docker-render/vendor/laravel/framework/src/Illuminate/Database/Eloquent/Concerns/GuardsAttributes.php(155): Illuminate\\Database\\Console\\Seeds\\SeedCommand->Illuminate\\Database\\Console\\Seeds\\{closure}()
#11 /home/overlord/php-laravel-docker-render/vendor/laravel/framework/src/Illuminate/Database/Console/Seeds/SeedCommand.php(69): Illuminate\\Database\\Eloquent\\Model::unguarded()
#12 /home/overlord/php-laravel-docker-render/vendor/laravel/framework/src/Illuminate/Container/BoundMethod.php(36): Illuminate\\Database\\Console\\Seeds\\SeedCommand->handle()
#13 /home/overlord/php-laravel-docker-render/vendor/laravel/framework/src/Illuminate/Container/Util.php(43): Illuminate\\Container\\BoundMethod::Illuminate\\Container\\{closure}()
#14 /home/overlord/php-laravel-docker-render/vendor/laravel/framework/src/Illuminate/Container/BoundMethod.php(95): Illuminate\\Container\\Util::unwrapIfClosure()
#15 /home/overlord/php-laravel-docker-render/vendor/laravel/framework/src/Illuminate/Container/BoundMethod.php(35): Illuminate\\Container\\BoundMethod::callBoundMethod()
#16 /home/overlord/php-laravel-docker-render/vendor/laravel/framework/src/Illuminate/Container/Container.php(690): Illuminate\\Container\\BoundMethod::call()
#17 /home/overlord/php-laravel-docker-render/vendor/laravel/framework/src/Illuminate/Console/Command.php(213): Illuminate\\Container\\Container->call()
#18 /home/overlord/php-laravel-docker-render/vendor/symfony/console/Command/Command.php(279): Illuminate\\Console\\Command->execute()
#19 /home/overlord/php-laravel-docker-render/vendor/laravel/framework/src/Illuminate/Console/Command.php(182): Symfony\\Component\\Console\\Command\\Command->run()
#20 /home/overlord/php-laravel-docker-render/vendor/laravel/framework/src/Illuminate/Console/Concerns/CallsCommands.php(67): Illuminate\\Console\\Command->run()
#21 /home/overlord/php-laravel-docker-render/vendor/laravel/framework/src/Illuminate/Console/Concerns/CallsCommands.php(28): Illuminate\\Console\\Command->runCommand()
#22 /home/overlord/php-laravel-docker-render/vendor/laravel/framework/src/Illuminate/Database/Console/Migrations/FreshCommand.php(122): Illuminate\\Console\\Command->call()
#23 /home/overlord/php-laravel-docker-render/vendor/laravel/framework/src/Illuminate/Database/Console/Migrations/FreshCommand.php(98): Illuminate\\Database\\Console\\Migrations\\FreshCommand->runSeeder()
#24 /home/overlord/php-laravel-docker-render/vendor/laravel/framework/src/Illuminate/Container/BoundMethod.php(36): Illuminate\\Database\\Console\\Migrations\\FreshCommand->handle()
#25 /home/overlord/php-laravel-docker-render/vendor/laravel/framework/src/Illuminate/Container/Util.php(43): Illuminate\\Container\\BoundMethod::Illuminate\\Container\\{closure}()
#26 /home/overlord/php-laravel-docker-render/vendor/laravel/framework/src/Illuminate/Container/BoundMethod.php(95): Illuminate\\Container\\Util::unwrapIfClosure()
#27 /home/overlord/php-laravel-docker-render/vendor/laravel/framework/src/Illuminate/Container/BoundMethod.php(35): Illuminate\\Container\\BoundMethod::callBoundMethod()
#28 /home/overlord/php-laravel-docker-render/vendor/laravel/framework/src/Illuminate/Container/Container.php(690): Illuminate\\Container\\BoundMethod::call()
#29 /home/overlord/php-laravel-docker-render/vendor/laravel/framework/src/Illuminate/Console/Command.php(213): Illuminate\\Container\\Container->call()
#30 /home/overlord/php-laravel-docker-render/vendor/symfony/console/Command/Command.php(279): Illuminate\\Console\\Command->execute()
#31 /home/overlord/php-laravel-docker-render/vendor/laravel/framework/src/Illuminate/Console/Command.php(182): Symfony\\Component\\Console\\Command\\Command->run()
#32 /home/overlord/php-laravel-docker-render/vendor/symfony/console/Application.php(1047): Illuminate\\Console\\Command->run()
#33 /home/overlord/php-laravel-docker-render/vendor/symfony/console/Application.php(316): Symfony\\Component\\Console\\Application->doRunCommand()
#34 /home/overlord/php-laravel-docker-render/vendor/symfony/console/Application.php(167): Symfony\\Component\\Console\\Application->doRun()
#35 /home/overlord/php-laravel-docker-render/vendor/laravel/framework/src/Illuminate/Foundation/Console/Kernel.php(197): Symfony\\Component\\Console\\Application->run()
#36 /home/overlord/php-laravel-docker-render/artisan(35): Illuminate\\Foundation\\Console\\Kernel->handle()
#37 {main}
"} 
[2024-11-11 17:28:55] local.ERROR: Class "Database\Factories\UserFactory" not found {"exception":"[object] (Error(code: 0): Class \"Database\\Factories\\UserFactory\" not found at /home/overlord/php-laravel-docker-render/vendor/laravel/framework/src/Illuminate/Database/Eloquent/Factories/Factory.php:843)
[stacktrace]
#0 /home/overlord/php-laravel-docker-render/vendor/laravel/framework/src/Illuminate/Database/Eloquent/Factories/HasFactory.php(19): Illuminate\\Database\\Eloquent\\Factories\\Factory::factoryForModel()
#1 /home/overlord/php-laravel-docker-render/database/seeds/DatabaseSeeder.php(16): App\\User::factory()
#2 /home/overlord/php-laravel-docker-render/vendor/laravel/framework/src/Illuminate/Container/BoundMethod.php(36): DatabaseSeeder->run()
#3 /home/overlord/php-laravel-docker-render/vendor/laravel/framework/src/Illuminate/Container/Util.php(43): Illuminate\\Container\\BoundMethod::Illuminate\\Container\\{closure}()
#4 /home/overlord/php-laravel-docker-render/vendor/laravel/framework/src/Illuminate/Container/BoundMethod.php(95): Illuminate\\Container\\Util::unwrapIfClosure()
#5 /home/overlord/php-laravel-docker-render/vendor/laravel/framework/src/Illuminate/Container/BoundMethod.php(35): Illuminate\\Container\\BoundMethod::callBoundMethod()
#6 /home/overlord/php-laravel-docker-render/vendor/laravel/framework/src/Illuminate/Container/Container.php(690): Illuminate\\Container\\BoundMethod::call()
#7 /home/overlord/php-laravel-docker-render/vendor/laravel/framework/src/Illuminate/Database/Seeder.php(184): Illuminate\\Container\\Container->call()
#8 /home/overlord/php-laravel-docker-render/vendor/laravel/framework/src/Illuminate/Database/Seeder.php(193): Illuminate\\Database\\Seeder->Illuminate\\Database\\{closure}()
#9 /home/overlord/php-laravel-docker-render/vendor/laravel/framework/src/Illuminate/Database/Console/Seeds/SeedCommand.php(70): Illuminate\\Database\\Seeder->__invoke()
#10 /home/overlord/php-laravel-docker-render/vendor/laravel/framework/src/Illuminate/Database/Eloquent/Concerns/GuardsAttributes.php(155): Illuminate\\Database\\Console\\Seeds\\SeedCommand->Illuminate\\Database\\Console\\Seeds\\{closure}()
#11 /home/overlord/php-laravel-docker-render/vendor/laravel/framework/src/Illuminate/Database/Console/Seeds/SeedCommand.php(69): Illuminate\\Database\\Eloquent\\Model::unguarded()
#12 /home/overlord/php-laravel-docker-render/vendor/laravel/framework/src/Illuminate/Container/BoundMethod.php(36): Illuminate\\Database\\Console\\Seeds\\SeedCommand->handle()
#13 /home/overlord/php-laravel-docker-render/vendor/laravel/framework/src/Illuminate/Container/Util.php(43): Illuminate\\Container\\BoundMethod::Illuminate\\Container\\{closure}()
#14 /home/overlord/php-laravel-docker-render/vendor/laravel/framework/src/Illuminate/Container/BoundMethod.php(95): Illuminate\\Container\\Util::unwrapIfClosure()
#15 /home/overlord/php-laravel-docker-render/vendor/laravel/framework/src/Illuminate/Container/BoundMethod.php(35): Illuminate\\Container\\BoundMethod::callBoundMethod()
#16 /home/overlord/php-laravel-docker-render/vendor/laravel/framework/src/Illuminate/Container/Container.php(690): Illuminate\\Container\\BoundMethod::call()
#17 /home/overlord/php-laravel-docker-render/vendor/laravel/framework/src/Illuminate/Console/Command.php(213): Illuminate\\Container\\Container->call()
#18 /home/overlord/php-laravel-docker-render/vendor/symfony/console/Command/Command.php(279): Illuminate\\Console\\Command->execute()
#19 /home/overlord/php-laravel-docker-render/vendor/laravel/framework/src/Illuminate/Console/Command.php(182): Symfony\\Component\\Console\\Command\\Command->run()
#20 /home/overlord/php-laravel-docker-render/vendor/laravel/framework/src/Illuminate/Console/Concerns/CallsCommands.php(67): Illuminate\\Console\\Command->run()
#21 /home/overlord/php-laravel-docker-render/vendor/laravel/framework/src/Illuminate/Console/Concerns/CallsCommands.php(28): Illuminate\\Console\\Command->runCommand()
#22 /home/overlord/php-laravel-docker-render/vendor/laravel/framework/src/Illuminate/Database/Console/Migrations/FreshCommand.php(122): Illuminate\\Console\\Command->call()
#23 /home/overlord/php-laravel-docker-render/vendor/laravel/framework/src/Illuminate/Database/Console/Migrations/FreshCommand.php(98): Illuminate\\Database\\Console\\Migrations\\FreshCommand->runSeeder()
#24 /home/overlord/php-laravel-docker-render/vendor/laravel/framework/src/Illuminate/Container/BoundMethod.php(36): Illuminate\\Database\\Console\\Migrations\\FreshCommand->handle()
#25 /home/overlord/php-laravel-docker-render/vendor/laravel/framework/src/Illuminate/Container/Util.php(43): Illuminate\\Container\\BoundMethod::Illuminate\\Container\\{closure}()
#26 /home/overlord/php-laravel-docker-render/vendor/laravel/framework/src/Illuminate/Container/BoundMethod.php(95): Illuminate\\Container\\Util::unwrapIfClosure()
#27 /home/overlord/php-laravel-docker-render/vendor/laravel/framework/src/Illuminate/Container/BoundMethod.php(35): Illuminate\\Container\\BoundMethod::callBoundMethod()
#28 /home/overlord/php-laravel-docker-render/vendor/laravel/framework/src/Illuminate/Container/Container.php(690): Illuminate\\Container\\BoundMethod::call()
#29 /home/overlord/php-laravel-docker-render/vendor/laravel/framework/src/Illuminate/Console/Command.php(213): Illuminate\\Container\\Container->call()
#30 /home/overlord/php-laravel-docker-render/vendor/symfony/console/Command/Command.php(279): Illuminate\\Console\\Command->execute()
#31 /home/overlord/php-laravel-docker-render/vendor/laravel/framework/src/Illuminate/Console/Command.php(182): Symfony\\Component\\Console\\Command\\Command->run()
#32 /home/overlord/php-laravel-docker-render/vendor/symfony/console/Application.php(1047): Illuminate\\Console\\Command->run()
#33 /home/overlord/php-laravel-docker-render/vendor/symfony/console/Application.php(316): Symfony\\Component\\Console\\Application->doRunCommand()
#34 /home/overlord/php-laravel-docker-render/vendor/symfony/console/Application.php(167): Symfony\\Component\\Console\\Application->doRun()
#35 /home/overlord/php-laravel-docker-render/vendor/laravel/framework/src/Illuminate/Foundation/Console/Kernel.php(197): Symfony\\Component\\Console\\Application->run()
#36 /home/overlord/php-laravel-docker-render/artisan(35): Illuminate\\Foundation\\Console\\Kernel->handle()
#37 {main}
"} 
